<?xml version="1.0" encoding="UTF-8"?>
<!-- Generated by org.testng.reporters.JUnitXMLReporter -->
<testsuite ignored="1" hostname="DESKTOP-6JFRVIK" failures="0" tests="5" name="Default test" time="16.486" errors="0" timestamp="2024-01-23T16:52:15 IST">
  <testcase classname="SamTest" name="tc10" time="1.851"/>
  <testcase classname="SamTest" name="tc2" time="4.09"/>
  <testcase classname="SamTest" name="tc2" time="0.794"/>
  <testcase classname="SamTest" name="tc2" time="0.82"/>
  <testcase classname="SamTest" name="tc9" time="5.175"/>
  <testcase classname="SamTest" name="tc4" time="0.0">
    <ignored/>
  </testcase> <!-- tc4 -->
</testsuite> <!-- Default test -->
