<?xml version="1.0" encoding="UTF-8"?>
<testng-results ignored="1" total="6" passed="5" failed="0" skipped="0">
  <reporter-output>
  </reporter-output>
  <suite started-at="2024-01-23T16:51:58 IST" name="Default suite" finished-at="2024-01-23T16:52:15 IST" duration-ms="16486">
    <groups>
    </groups>
    <test started-at="2024-01-23T16:51:58 IST" name="Default test" finished-at="2024-01-23T16:52:15 IST" duration-ms="16486">
      <class name="SamTest">
        <test-method is-config="true" signature="launchTheBrowser()[pri:0, instance:SamTest@8f2ef19]" started-at="2024-01-23T16:51:58 IST" name="launchTheBrowser" finished-at="2024-01-23T16:52:02 IST" duration-ms="3280" status="PASS">
          <reporter-output>
          </reporter-output>
        </test-method> <!-- launchTheBrowser -->
        <test-method is-config="true" signature="startDate()[pri:0, instance:SamTest@8f2ef19]" started-at="2024-01-23T16:52:02 IST" name="startDate" finished-at="2024-01-23T16:52:02 IST" duration-ms="1" status="PASS">
          <reporter-output>
          </reporter-output>
        </test-method> <!-- startDate -->
        <test-method signature="tc10(java.lang.String,java.lang.String)[pri:0, instance:SamTest@8f2ef19]" started-at="2024-01-23T16:52:02 IST" name="tc10" finished-at="2024-01-23T16:52:04 IST" duration-ms="1851" status="PASS">
          <params>
            <param index="0">
              <value>
                <![CDATA[abc@gmail.com]]>
              </value>
            </param>
            <param index="1">
              <value>
                <![CDATA[123]]>
              </value>
            </param>
          </params>
          <reporter-output>
          </reporter-output>
        </test-method> <!-- tc10 -->
        <test-method is-config="true" signature="endDate()[pri:0, instance:SamTest@8f2ef19]" started-at="2024-01-23T16:52:04 IST" name="endDate" finished-at="2024-01-23T16:52:04 IST" duration-ms="1" status="PASS">
          <reporter-output>
          </reporter-output>
        </test-method> <!-- endDate -->
        <test-method is-config="true" signature="startDate()[pri:0, instance:SamTest@8f2ef19]" started-at="2024-01-23T16:52:04 IST" name="startDate" finished-at="2024-01-23T16:52:04 IST" duration-ms="1" status="PASS">
          <reporter-output>
          </reporter-output>
        </test-method> <!-- startDate -->
        <test-method signature="tc2()[pri:0, instance:SamTest@8f2ef19]" started-at="2024-01-23T16:52:04 IST" name="tc2" finished-at="2024-01-23T16:52:08 IST" duration-ms="4090" status="PASS">
          <reporter-output>
          </reporter-output>
        </test-method> <!-- tc2 -->
        <test-method is-config="true" signature="endDate()[pri:0, instance:SamTest@8f2ef19]" started-at="2024-01-23T16:52:08 IST" name="endDate" finished-at="2024-01-23T16:52:08 IST" duration-ms="2" status="PASS">
          <reporter-output>
          </reporter-output>
        </test-method> <!-- endDate -->
        <test-method is-config="true" signature="startDate()[pri:0, instance:SamTest@8f2ef19]" started-at="2024-01-23T16:52:08 IST" name="startDate" finished-at="2024-01-23T16:52:08 IST" duration-ms="1" status="PASS">
          <reporter-output>
          </reporter-output>
        </test-method> <!-- startDate -->
        <test-method signature="tc2()[pri:0, instance:SamTest@8f2ef19]" started-at="2024-01-23T16:52:08 IST" name="tc2" finished-at="2024-01-23T16:52:08 IST" duration-ms="794" status="PASS">
          <reporter-output>
          </reporter-output>
        </test-method> <!-- tc2 -->
        <test-method is-config="true" signature="endDate()[pri:0, instance:SamTest@8f2ef19]" started-at="2024-01-23T16:52:08 IST" name="endDate" finished-at="2024-01-23T16:52:08 IST" duration-ms="1" status="PASS">
          <reporter-output>
          </reporter-output>
        </test-method> <!-- endDate -->
        <test-method is-config="true" signature="startDate()[pri:0, instance:SamTest@8f2ef19]" started-at="2024-01-23T16:52:08 IST" name="startDate" finished-at="2024-01-23T16:52:08 IST" duration-ms="0" status="PASS">
          <reporter-output>
          </reporter-output>
        </test-method> <!-- startDate -->
        <test-method signature="tc2()[pri:0, instance:SamTest@8f2ef19]" started-at="2024-01-23T16:52:08 IST" name="tc2" finished-at="2024-01-23T16:52:09 IST" duration-ms="820" status="PASS">
          <reporter-output>
          </reporter-output>
        </test-method> <!-- tc2 -->
        <test-method is-config="true" signature="endDate()[pri:0, instance:SamTest@8f2ef19]" started-at="2024-01-23T16:52:09 IST" name="endDate" finished-at="2024-01-23T16:52:09 IST" duration-ms="1" status="PASS">
          <reporter-output>
          </reporter-output>
        </test-method> <!-- endDate -->
        <test-method is-config="true" signature="startDate()[pri:0, instance:SamTest@8f2ef19]" started-at="2024-01-23T16:52:09 IST" name="startDate" finished-at="2024-01-23T16:52:09 IST" duration-ms="1" status="PASS">
          <reporter-output>
          </reporter-output>
        </test-method> <!-- startDate -->
        <test-method signature="tc9()[pri:0, instance:SamTest@8f2ef19]" started-at="2024-01-23T16:52:09 IST" name="tc9" finished-at="2024-01-23T16:52:14 IST" duration-ms="5175" status="PASS">
          <reporter-output>
          </reporter-output>
        </test-method> <!-- tc9 -->
        <test-method is-config="true" signature="endDate()[pri:0, instance:SamTest@8f2ef19]" started-at="2024-01-23T16:52:14 IST" name="endDate" finished-at="2024-01-23T16:52:14 IST" duration-ms="1" status="PASS">
          <reporter-output>
          </reporter-output>
        </test-method> <!-- endDate -->
        <test-method is-config="true" signature="closeTheBrowser()[pri:0, instance:SamTest@8f2ef19]" started-at="2024-01-23T16:52:14 IST" name="closeTheBrowser" finished-at="2024-01-23T16:52:15 IST" duration-ms="402" status="PASS">
          <reporter-output>
          </reporter-output>
        </test-method> <!-- closeTheBrowser -->
      </class> <!-- SamTest -->
    </test> <!-- Default test -->
  </suite> <!-- Default suite -->
</testng-results>
